<?xml version="1.0" encoding="UTF-8"?>
<testng-results skipped="0" failed="0" ignored="0" total="1" passed="1">
  <reporter-output>
  </reporter-output>
  <suite name="tests.GoogleSearchPageTest" duration-ms="8849" started-at="2021-03-16T07:13:46Z" finished-at="2021-03-16T07:13:55Z">
    <groups>
    </groups>
    <test name="Command line test" duration-ms="8849" started-at="2021-03-16T07:13:46Z" finished-at="2021-03-16T07:13:55Z">
      <class name="tests.GoogleSearchPageTest">
        <test-method status="PASS" signature="validatePage()[pri:0, instance:tests.GoogleSearchPageTest@edf4efb]" name="validatePage" duration-ms="8826" started-at="2021-03-16T07:13:46Z" finished-at="2021-03-16T07:13:55Z">
          <reporter-output>
          </reporter-output>
        </test-method> <!-- validatePage -->
      </class> <!-- tests.GoogleSearchPageTest -->
    </test> <!-- Command line test -->
  </suite> <!-- tests.GoogleSearchPageTest -->
</testng-results>
